<?xml version="1.0" encoding="utf-8"?>
<shfbBuild product="Sandcastle Help File Builder and Tools" version="2017.5.15.0" projectFile="C:\Users\Erick\Datos_Personales\Tesis\leikelen_tesis\DevDocumentation\DevDocumentation.shfbproj" started="26-10-2017 3:09:47">
<buildStep step="Initializing">
Finding tools...
The Sandcastle tools are located in &#39;C:\Program Files (x86)\EWSoftware\Sandcastle Help File Builder\&#39;
Locating components in the following folder(s):
    C:\Users\Erick\Datos_Personales\Tesis\leikelen_tesis\DevDocumentation
    C:\ProgramData\EWSoftware\Sandcastle Help File Builder\Components and Plug-Ins\
    C:\Program Files (x86)\EWSoftware\Sandcastle Help File Builder\
Using framework reflection data for &#39;.NET Framework 4.5.1&#39; located in &#39;C:\Program Files (x86)\EWSoftware\Sandcastle Help File Builder\Data\.NETFramework&#39;
Using presentation style &#39;VS2013&#39; located in &#39;C:\Program Files (x86)\EWSoftware\Sandcastle Help File Builder\PresentationStyles\VS2013&#39;
Loading and initializing plug-ins...
Lightweight Website Style Version 2017.5.15.0
Copyright &#169; 2006-2017, Eric Woodruff, All Rights Reserved
Portions Copyright &#169; 2014, Sam Harwell, All Rights Reserved
-------------------------------
Clearing any prior web/markdown output...
</buildStep>
<buildStep step="ValidatingDocumentationSources">
Validating and copying documentation source information
Source: C:\Users\Erick\Datos_Personales\Tesis\leikelen_tesis\Leikelen.csproj
    Found project &#39;C:\Users\Erick\Datos_Personales\Tesis\leikelen_tesis\Leikelen.csproj&#39;

Parsing project files
    Last step completed in 00:00:00,0625
</buildStep>
<buildStep step="Failed">

SHFB: Error BE0040: Project assembly does not exist: C:\Users\Erick\Datos_Personales\Tesis\leikelen_tesis\bin\x64\Debug\Leikelen.exe
   en SandcastleBuilder.Utils.BuildEngine.BuildProcess.ValidateDocumentationSources()
   en SandcastleBuilder.Utils.BuildEngine.BuildProcess.Build()

</buildStep>
</shfbBuild>
